GAS LISTING C:\Users\bayra\AppData\Local\Temp\ccUvonCr.s 			page 1


   1              		.file	"board.c"
   2              		.section	".text","axv"
   3              	.Ltext0:
   4              		.cfi_sections	.debug_frame
   5              		.section	.text.boardInit,"axv",@progbits
   6              		.align 1
   7              		.p2align 4,,15
   8              		.globl boardInit
   9              		.type	boardInit, @function
  10              	boardInit:
  11              	.LFB2:
  12              		.file 1 "./components/spc58xgxx_board_initialization_component_rla/cfg/board.c"
  13              		.loc 1 59 0
  14              		.cfi_startproc
  15              		.loc 1 61 0
  16 0000 7060E000 		e_lis %r3,.LANCHOR0@ha
  17              		.loc 1 62 0
  18              		.loc 1 61 0
  19 0004 1C630000 		e_la %r3,.LANCHOR0@l(%r3)
  20 0008 78000000 		e_b pal_init
  21              	.LVL0:
  22              		.cfi_endproc
  23              	.LFE2:
  24              		.size	boardInit, .-boardInit
  25              		.section	.data.spc_mscr_io_init,"aw",@progbits
  26              		.align 2
  27              		.type	spc_mscr_io_init, @object
  28              		.size	spc_mscr_io_init, 168
  29              	spc_mscr_io_init:
  30 0000 001A     		.short	26
  31 0002 0000     		.zero	2
  32 0004 02880000 		.long	42467328
  33 0008 00       		.byte	0
  34 0009 000000   		.zero	3
  35 000c 001B     		.short	27
  36 000e 0000     		.zero	2
  37 0010 02880000 		.long	42467328
  38 0014 00       		.byte	0
  39 0015 000000   		.zero	3
  40 0018 0018     		.short	24
  41 001a 0000     		.zero	2
  42 001c 02880000 		.long	42467328
  43 0020 00       		.byte	0
  44 0021 000000   		.zero	3
  45 0024 0019     		.short	25
  46 0026 0000     		.zero	2
  47 0028 02880000 		.long	42467328
  48 002c 00       		.byte	0
  49 002d 000000   		.zero	3
  50 0030 0021     		.short	33
  51 0032 0000     		.zero	2
  52 0034 00890000 		.long	8978432
  53 0038 00       		.byte	0
  54 0039 000000   		.zero	3
  55 003c 0022     		.short	34
  56 003e 0000     		.zero	2
  57 0040 02880012 		.long	42467346
GAS LISTING C:\Users\bayra\AppData\Local\Temp\ccUvonCr.s 			page 2


  58 0044 00       		.byte	0
  59 0045 000000   		.zero	3
  60 0048 0026     		.short	38
  61 004a 0000     		.zero	2
  62 004c 02880007 		.long	42467335
  63 0050 00       		.byte	0
  64 0051 000000   		.zero	3
  65 0054 0027     		.short	39
  66 0056 0000     		.zero	2
  67 0058 00890000 		.long	8978432
  68 005c 00       		.byte	0
  69 005d 000000   		.zero	3
  70 0060 003A     		.short	58
  71 0062 0000     		.zero	2
  72 0064 02880000 		.long	42467328
  73 0068 00       		.byte	0
  74 0069 000000   		.zero	3
  75 006c 0050     		.short	80
  76 006e 0000     		.zero	2
  77 0070 02880000 		.long	42467328
  78 0074 00       		.byte	0
  79 0075 000000   		.zero	3
  80 0078 0051     		.short	81
  81 007a 0000     		.zero	2
  82 007c 02880000 		.long	42467328
  83 0080 00       		.byte	0
  84 0081 000000   		.zero	3
  85 0084 0070     		.short	112
  86 0086 0000     		.zero	2
  87 0088 02880001 		.long	42467329
  88 008c 00       		.byte	0
  89 008d 000000   		.zero	3
  90 0090 0071     		.short	113
  91 0092 0000     		.zero	2
  92 0094 00890000 		.long	8978432
  93 0098 00       		.byte	0
  94 0099 000000   		.zero	3
  95 009c FFFF     		.short	-1
  96 009e 0000     		.zero	2
  97 00a0 00000000 		.long	0
  98 00a4 00       		.byte	0
  99 00a5 000000   		.zero	3
 100              		.section	.data.pal_default_config,"aw",@progbits
 101              		.align 2
 102              		.set	.LANCHOR0,. + 0
 103              		.type	pal_default_config, @object
 104              		.size	pal_default_config, 8
 105              	pal_default_config:
 106 0000 00000000 		.long	spc_mscr_io_init
 107 0004 00000000 		.long	spc_mscr_mux_init
 108              		.section	.data.spc_mscr_mux_init,"aw",@progbits
 109              		.align 2
 110              		.type	spc_mscr_mux_init, @object
 111              		.size	spc_mscr_mux_init, 32
 112              	spc_mscr_mux_init:
 113 0000 00FC     		.short	252
 114 0002 0000     		.zero	2
GAS LISTING C:\Users\bayra\AppData\Local\Temp\ccUvonCr.s 			page 3


 115 0004 00000008 		.long	8
 116 0008 00FD     		.short	253
 117 000a 0000     		.zero	2
 118 000c 00000002 		.long	2
 119 0010 00F8     		.short	248
 120 0012 0000     		.zero	2
 121 0014 00000004 		.long	4
 122 0018 FFFF     		.short	-1
 123 001a 0000     		.zero	2
 124 001c 00000000 		.long	0
 125              		.section	".text","axv"
 126              	.Letext0:
 127              		.file 2 "c:\\spc5studio-6.0\\eclipse\\plugins\\com.st.tools.spc5.tools.gnu.gcc.ppcvle.win32_4.9.4.
 128              		.file 3 "c:\\spc5studio-6.0\\eclipse\\plugins\\com.st.tools.spc5.tools.gnu.gcc.ppcvle.win32_4.9.4.
 129              		.file 4 "./components/spc58xgxx_board_initialization_component_rla/lib/include/pal.h"
 130              		.section	.debug_info,"",@progbits
 131              	.Ldebug_info0:
 132 0000 00000206 		.4byte	0x206
 133 0004 0002     		.2byte	0x2
 134 0006 00000000 		.4byte	.Ldebug_abbrev0
 135 000a 04       		.byte	0x4
 136 000b 01       		.uleb128 0x1
 137 000c 00000000 		.4byte	.LASF28
 138 0010 01       		.byte	0x1
 139 0011 00000000 		.4byte	.LASF29
 140 0015 00000000 		.4byte	.LASF30
 141 0019 00000000 		.4byte	.Ldebug_ranges0+0
 142 001d 00000000 		.4byte	0
 143 0021 00000000 		.4byte	0
 144 0025 00000000 		.4byte	.Ldebug_line0
 145 0029 02       		.uleb128 0x2
 146 002a 01       		.byte	0x1
 147 002b 06       		.byte	0x6
 148 002c 00000000 		.4byte	.LASF0
 149 0030 03       		.uleb128 0x3
 150 0031 00000000 		.4byte	.LASF2
 151 0035 02       		.byte	0x2
 152 0036 1D       		.byte	0x1d
 153 0037 0000003B 		.4byte	0x3b
 154 003b 02       		.uleb128 0x2
 155 003c 01       		.byte	0x1
 156 003d 08       		.byte	0x8
 157 003e 00000000 		.4byte	.LASF1
 158 0042 03       		.uleb128 0x3
 159 0043 00000000 		.4byte	.LASF3
 160 0047 02       		.byte	0x2
 161 0048 29       		.byte	0x29
 162 0049 0000004D 		.4byte	0x4d
 163 004d 02       		.uleb128 0x2
 164 004e 02       		.byte	0x2
 165 004f 05       		.byte	0x5
 166 0050 00000000 		.4byte	.LASF4
 167 0054 02       		.uleb128 0x2
 168 0055 02       		.byte	0x2
 169 0056 07       		.byte	0x7
 170 0057 00000000 		.4byte	.LASF5
 171 005b 02       		.uleb128 0x2
GAS LISTING C:\Users\bayra\AppData\Local\Temp\ccUvonCr.s 			page 4


 172 005c 04       		.byte	0x4
 173 005d 05       		.byte	0x5
 174 005e 00000000 		.4byte	.LASF6
 175 0062 03       		.uleb128 0x3
 176 0063 00000000 		.4byte	.LASF7
 177 0067 02       		.byte	0x2
 178 0068 41       		.byte	0x41
 179 0069 0000006D 		.4byte	0x6d
 180 006d 02       		.uleb128 0x2
 181 006e 04       		.byte	0x4
 182 006f 07       		.byte	0x7
 183 0070 00000000 		.4byte	.LASF8
 184 0074 02       		.uleb128 0x2
 185 0075 08       		.byte	0x8
 186 0076 05       		.byte	0x5
 187 0077 00000000 		.4byte	.LASF9
 188 007b 02       		.uleb128 0x2
 189 007c 08       		.byte	0x8
 190 007d 07       		.byte	0x7
 191 007e 00000000 		.4byte	.LASF10
 192 0082 04       		.uleb128 0x4
 193 0083 04       		.byte	0x4
 194 0084 05       		.byte	0x5
 195 0085 696E7400 		.string	"int"
 196 0089 02       		.uleb128 0x2
 197 008a 04       		.byte	0x4
 198 008b 07       		.byte	0x7
 199 008c 00000000 		.4byte	.LASF11
 200 0090 03       		.uleb128 0x3
 201 0091 00000000 		.4byte	.LASF12
 202 0095 03       		.byte	0x3
 203 0096 15       		.byte	0x15
 204 0097 00000030 		.4byte	0x30
 205 009b 03       		.uleb128 0x3
 206 009c 00000000 		.4byte	.LASF13
 207 00a0 03       		.byte	0x3
 208 00a1 20       		.byte	0x20
 209 00a2 00000042 		.4byte	0x42
 210 00a6 03       		.uleb128 0x3
 211 00a7 00000000 		.4byte	.LASF14
 212 00ab 03       		.byte	0x3
 213 00ac 2D       		.byte	0x2d
 214 00ad 00000062 		.4byte	0x62
 215 00b1 02       		.uleb128 0x2
 216 00b2 04       		.byte	0x4
 217 00b3 07       		.byte	0x7
 218 00b4 00000000 		.4byte	.LASF15
 219 00b8 03       		.uleb128 0x3
 220 00b9 00000000 		.4byte	.LASF16
 221 00bd 04       		.byte	0x4
 222 00be 8B       		.byte	0x8b
 223 00bf 000000A6 		.4byte	0xa6
 224 00c3 05       		.uleb128 0x5
 225 00c4 0C       		.byte	0xc
 226 00c5 04       		.byte	0x4
 227 00c6 95       		.byte	0x95
 228 00c7 000000F6 		.4byte	0xf6
GAS LISTING C:\Users\bayra\AppData\Local\Temp\ccUvonCr.s 			page 5


 229 00cb 06       		.uleb128 0x6
 230 00cc 00000000 		.4byte	.LASF17
 231 00d0 04       		.byte	0x4
 232 00d1 96       		.byte	0x96
 233 00d2 0000009B 		.4byte	0x9b
 234 00d6 02       		.byte	0x2
 235 00d7 23       		.byte	0x23
 236 00d8 00       		.uleb128 0
 237 00d9 06       		.uleb128 0x6
 238 00da 00000000 		.4byte	.LASF18
 239 00de 04       		.byte	0x4
 240 00df 97       		.byte	0x97
 241 00e0 000000B8 		.4byte	0xb8
 242 00e4 02       		.byte	0x2
 243 00e5 23       		.byte	0x23
 244 00e6 04       		.uleb128 0x4
 245 00e7 06       		.uleb128 0x6
 246 00e8 00000000 		.4byte	.LASF19
 247 00ec 04       		.byte	0x4
 248 00ed 98       		.byte	0x98
 249 00ee 00000090 		.4byte	0x90
 250 00f2 02       		.byte	0x2
 251 00f3 23       		.byte	0x23
 252 00f4 08       		.uleb128 0x8
 253 00f5 00       		.byte	0
 254 00f6 03       		.uleb128 0x3
 255 00f7 00000000 		.4byte	.LASF20
 256 00fb 04       		.byte	0x4
 257 00fc 99       		.byte	0x99
 258 00fd 000000C3 		.4byte	0xc3
 259 0101 05       		.uleb128 0x5
 260 0102 08       		.byte	0x8
 261 0103 04       		.byte	0x4
 262 0104 9E       		.byte	0x9e
 263 0105 00000126 		.4byte	0x126
 264 0109 06       		.uleb128 0x6
 265 010a 00000000 		.4byte	.LASF17
 266 010e 04       		.byte	0x4
 267 010f 9F       		.byte	0x9f
 268 0110 0000009B 		.4byte	0x9b
 269 0114 02       		.byte	0x2
 270 0115 23       		.byte	0x23
 271 0116 00       		.uleb128 0
 272 0117 06       		.uleb128 0x6
 273 0118 00000000 		.4byte	.LASF18
 274 011c 04       		.byte	0x4
 275 011d A0       		.byte	0xa0
 276 011e 000000A6 		.4byte	0xa6
 277 0122 02       		.byte	0x2
 278 0123 23       		.byte	0x23
 279 0124 04       		.uleb128 0x4
 280 0125 00       		.byte	0
 281 0126 03       		.uleb128 0x3
 282 0127 00000000 		.4byte	.LASF21
 283 012b 04       		.byte	0x4
 284 012c A1       		.byte	0xa1
 285 012d 00000101 		.4byte	0x101
GAS LISTING C:\Users\bayra\AppData\Local\Temp\ccUvonCr.s 			page 6


 286 0131 05       		.uleb128 0x5
 287 0132 08       		.byte	0x8
 288 0133 04       		.byte	0x4
 289 0134 AC       		.byte	0xac
 290 0135 00000156 		.4byte	0x156
 291 0139 06       		.uleb128 0x6
 292 013a 00000000 		.4byte	.LASF22
 293 013e 04       		.byte	0x4
 294 013f AD       		.byte	0xad
 295 0140 00000156 		.4byte	0x156
 296 0144 02       		.byte	0x2
 297 0145 23       		.byte	0x23
 298 0146 00       		.uleb128 0
 299 0147 06       		.uleb128 0x6
 300 0148 00000000 		.4byte	.LASF23
 301 014c 04       		.byte	0x4
 302 014d AE       		.byte	0xae
 303 014e 0000015C 		.4byte	0x15c
 304 0152 02       		.byte	0x2
 305 0153 23       		.byte	0x23
 306 0154 04       		.uleb128 0x4
 307 0155 00       		.byte	0
 308 0156 07       		.uleb128 0x7
 309 0157 04       		.byte	0x4
 310 0158 000000F6 		.4byte	0xf6
 311 015c 07       		.uleb128 0x7
 312 015d 04       		.byte	0x4
 313 015e 00000126 		.4byte	0x126
 314 0162 03       		.uleb128 0x3
 315 0163 00000000 		.4byte	.LASF24
 316 0167 04       		.byte	0x4
 317 0168 AF       		.byte	0xaf
 318 0169 00000131 		.4byte	0x131
 319 016d 08       		.uleb128 0x8
 320 016e 01       		.byte	0x1
 321 016f 00000000 		.4byte	.LASF31
 322 0173 01       		.byte	0x1
 323 0174 3B       		.byte	0x3b
 324 0175 01       		.byte	0x1
 325 0176 00000000 		.4byte	.LFB2
 326 017a 00000000 		.4byte	.LFE2
 327 017e 02       		.byte	0x2
 328 017f 71       		.byte	0x71
 329 0180 00       		.sleb128 0
 330 0181 01       		.byte	0x1
 331 0182 0000019B 		.4byte	0x19b
 332 0186 09       		.uleb128 0x9
 333 0187 00000000 		.4byte	.LVL0
 334 018b 01       		.byte	0x1
 335 018c 000001EE 		.4byte	0x1ee
 336 0190 0A       		.uleb128 0xa
 337 0191 01       		.byte	0x1
 338 0192 53       		.byte	0x53
 339 0193 05       		.byte	0x5
 340 0194 03       		.byte	0x3
 341 0195 00000000 		.4byte	.LANCHOR0
 342 0199 00       		.byte	0
GAS LISTING C:\Users\bayra\AppData\Local\Temp\ccUvonCr.s 			page 7


 343 019a 00       		.byte	0
 344 019b 0B       		.uleb128 0xb
 345 019c 000000F6 		.4byte	0xf6
 346 01a0 000001AB 		.4byte	0x1ab
 347 01a4 0C       		.uleb128 0xc
 348 01a5 000000B1 		.4byte	0xb1
 349 01a9 0D       		.byte	0xd
 350 01aa 00       		.byte	0
 351 01ab 0D       		.uleb128 0xd
 352 01ac 00000000 		.4byte	.LASF25
 353 01b0 01       		.byte	0x1
 354 01b1 14       		.byte	0x14
 355 01b2 0000019B 		.4byte	0x19b
 356 01b6 05       		.byte	0x5
 357 01b7 03       		.byte	0x3
 358 01b8 00000000 		.4byte	spc_mscr_io_init
 359 01bc 0B       		.uleb128 0xb
 360 01bd 00000126 		.4byte	0x126
 361 01c1 000001CC 		.4byte	0x1cc
 362 01c5 0C       		.uleb128 0xc
 363 01c6 000000B1 		.4byte	0xb1
 364 01ca 03       		.byte	0x3
 365 01cb 00       		.byte	0
 366 01cc 0D       		.uleb128 0xd
 367 01cd 00000000 		.4byte	.LASF26
 368 01d1 01       		.byte	0x1
 369 01d2 29       		.byte	0x29
 370 01d3 000001BC 		.4byte	0x1bc
 371 01d7 05       		.byte	0x5
 372 01d8 03       		.byte	0x3
 373 01d9 00000000 		.4byte	spc_mscr_mux_init
 374 01dd 0D       		.uleb128 0xd
 375 01de 00000000 		.4byte	.LASF27
 376 01e2 01       		.byte	0x1
 377 01e3 33       		.byte	0x33
 378 01e4 00000162 		.4byte	0x162
 379 01e8 05       		.byte	0x5
 380 01e9 03       		.byte	0x3
 381 01ea 00000000 		.4byte	pal_default_config
 382 01ee 0E       		.uleb128 0xe
 383 01ef 01       		.byte	0x1
 384 01f0 00000000 		.4byte	.LASF32
 385 01f4 04       		.byte	0x4
 386 01f5 01CC     		.2byte	0x1cc
 387 01f7 01       		.byte	0x1
 388 01f8 01       		.byte	0x1
 389 01f9 00000203 		.4byte	0x203
 390 01fd 0F       		.uleb128 0xf
 391 01fe 00000203 		.4byte	0x203
 392 0202 00       		.byte	0
 393 0203 07       		.uleb128 0x7
 394 0204 04       		.byte	0x4
 395 0205 00000162 		.4byte	0x162
 396 0209 00       		.byte	0
 397              		.section	.debug_abbrev,"",@progbits
 398              	.Ldebug_abbrev0:
 399 0000 01       		.uleb128 0x1
GAS LISTING C:\Users\bayra\AppData\Local\Temp\ccUvonCr.s 			page 8


 400 0001 11       		.uleb128 0x11
 401 0002 01       		.byte	0x1
 402 0003 25       		.uleb128 0x25
 403 0004 0E       		.uleb128 0xe
 404 0005 13       		.uleb128 0x13
 405 0006 0B       		.uleb128 0xb
 406 0007 03       		.uleb128 0x3
 407 0008 0E       		.uleb128 0xe
 408 0009 1B       		.uleb128 0x1b
 409 000a 0E       		.uleb128 0xe
 410 000b 55       		.uleb128 0x55
 411 000c 06       		.uleb128 0x6
 412 000d 11       		.uleb128 0x11
 413 000e 01       		.uleb128 0x1
 414 000f 52       		.uleb128 0x52
 415 0010 01       		.uleb128 0x1
 416 0011 10       		.uleb128 0x10
 417 0012 06       		.uleb128 0x6
 418 0013 00       		.byte	0
 419 0014 00       		.byte	0
 420 0015 02       		.uleb128 0x2
 421 0016 24       		.uleb128 0x24
 422 0017 00       		.byte	0
 423 0018 0B       		.uleb128 0xb
 424 0019 0B       		.uleb128 0xb
 425 001a 3E       		.uleb128 0x3e
 426 001b 0B       		.uleb128 0xb
 427 001c 03       		.uleb128 0x3
 428 001d 0E       		.uleb128 0xe
 429 001e 00       		.byte	0
 430 001f 00       		.byte	0
 431 0020 03       		.uleb128 0x3
 432 0021 16       		.uleb128 0x16
 433 0022 00       		.byte	0
 434 0023 03       		.uleb128 0x3
 435 0024 0E       		.uleb128 0xe
 436 0025 3A       		.uleb128 0x3a
 437 0026 0B       		.uleb128 0xb
 438 0027 3B       		.uleb128 0x3b
 439 0028 0B       		.uleb128 0xb
 440 0029 49       		.uleb128 0x49
 441 002a 13       		.uleb128 0x13
 442 002b 00       		.byte	0
 443 002c 00       		.byte	0
 444 002d 04       		.uleb128 0x4
 445 002e 24       		.uleb128 0x24
 446 002f 00       		.byte	0
 447 0030 0B       		.uleb128 0xb
 448 0031 0B       		.uleb128 0xb
 449 0032 3E       		.uleb128 0x3e
 450 0033 0B       		.uleb128 0xb
 451 0034 03       		.uleb128 0x3
 452 0035 08       		.uleb128 0x8
 453 0036 00       		.byte	0
 454 0037 00       		.byte	0
 455 0038 05       		.uleb128 0x5
 456 0039 13       		.uleb128 0x13
GAS LISTING C:\Users\bayra\AppData\Local\Temp\ccUvonCr.s 			page 9


 457 003a 01       		.byte	0x1
 458 003b 0B       		.uleb128 0xb
 459 003c 0B       		.uleb128 0xb
 460 003d 3A       		.uleb128 0x3a
 461 003e 0B       		.uleb128 0xb
 462 003f 3B       		.uleb128 0x3b
 463 0040 0B       		.uleb128 0xb
 464 0041 01       		.uleb128 0x1
 465 0042 13       		.uleb128 0x13
 466 0043 00       		.byte	0
 467 0044 00       		.byte	0
 468 0045 06       		.uleb128 0x6
 469 0046 0D       		.uleb128 0xd
 470 0047 00       		.byte	0
 471 0048 03       		.uleb128 0x3
 472 0049 0E       		.uleb128 0xe
 473 004a 3A       		.uleb128 0x3a
 474 004b 0B       		.uleb128 0xb
 475 004c 3B       		.uleb128 0x3b
 476 004d 0B       		.uleb128 0xb
 477 004e 49       		.uleb128 0x49
 478 004f 13       		.uleb128 0x13
 479 0050 38       		.uleb128 0x38
 480 0051 0A       		.uleb128 0xa
 481 0052 00       		.byte	0
 482 0053 00       		.byte	0
 483 0054 07       		.uleb128 0x7
 484 0055 0F       		.uleb128 0xf
 485 0056 00       		.byte	0
 486 0057 0B       		.uleb128 0xb
 487 0058 0B       		.uleb128 0xb
 488 0059 49       		.uleb128 0x49
 489 005a 13       		.uleb128 0x13
 490 005b 00       		.byte	0
 491 005c 00       		.byte	0
 492 005d 08       		.uleb128 0x8
 493 005e 2E       		.uleb128 0x2e
 494 005f 01       		.byte	0x1
 495 0060 3F       		.uleb128 0x3f
 496 0061 0C       		.uleb128 0xc
 497 0062 03       		.uleb128 0x3
 498 0063 0E       		.uleb128 0xe
 499 0064 3A       		.uleb128 0x3a
 500 0065 0B       		.uleb128 0xb
 501 0066 3B       		.uleb128 0x3b
 502 0067 0B       		.uleb128 0xb
 503 0068 27       		.uleb128 0x27
 504 0069 0C       		.uleb128 0xc
 505 006a 11       		.uleb128 0x11
 506 006b 01       		.uleb128 0x1
 507 006c 12       		.uleb128 0x12
 508 006d 01       		.uleb128 0x1
 509 006e 40       		.uleb128 0x40
 510 006f 0A       		.uleb128 0xa
 511 0070 9742     		.uleb128 0x2117
 512 0072 0C       		.uleb128 0xc
 513 0073 01       		.uleb128 0x1
GAS LISTING C:\Users\bayra\AppData\Local\Temp\ccUvonCr.s 			page 10


 514 0074 13       		.uleb128 0x13
 515 0075 00       		.byte	0
 516 0076 00       		.byte	0
 517 0077 09       		.uleb128 0x9
 518 0078 898201   		.uleb128 0x4109
 519 007b 01       		.byte	0x1
 520 007c 11       		.uleb128 0x11
 521 007d 01       		.uleb128 0x1
 522 007e 9542     		.uleb128 0x2115
 523 0080 0C       		.uleb128 0xc
 524 0081 31       		.uleb128 0x31
 525 0082 13       		.uleb128 0x13
 526 0083 00       		.byte	0
 527 0084 00       		.byte	0
 528 0085 0A       		.uleb128 0xa
 529 0086 8A8201   		.uleb128 0x410a
 530 0089 00       		.byte	0
 531 008a 02       		.uleb128 0x2
 532 008b 0A       		.uleb128 0xa
 533 008c 9142     		.uleb128 0x2111
 534 008e 0A       		.uleb128 0xa
 535 008f 00       		.byte	0
 536 0090 00       		.byte	0
 537 0091 0B       		.uleb128 0xb
 538 0092 01       		.uleb128 0x1
 539 0093 01       		.byte	0x1
 540 0094 49       		.uleb128 0x49
 541 0095 13       		.uleb128 0x13
 542 0096 01       		.uleb128 0x1
 543 0097 13       		.uleb128 0x13
 544 0098 00       		.byte	0
 545 0099 00       		.byte	0
 546 009a 0C       		.uleb128 0xc
 547 009b 21       		.uleb128 0x21
 548 009c 00       		.byte	0
 549 009d 49       		.uleb128 0x49
 550 009e 13       		.uleb128 0x13
 551 009f 2F       		.uleb128 0x2f
 552 00a0 0B       		.uleb128 0xb
 553 00a1 00       		.byte	0
 554 00a2 00       		.byte	0
 555 00a3 0D       		.uleb128 0xd
 556 00a4 34       		.uleb128 0x34
 557 00a5 00       		.byte	0
 558 00a6 03       		.uleb128 0x3
 559 00a7 0E       		.uleb128 0xe
 560 00a8 3A       		.uleb128 0x3a
 561 00a9 0B       		.uleb128 0xb
 562 00aa 3B       		.uleb128 0x3b
 563 00ab 0B       		.uleb128 0xb
 564 00ac 49       		.uleb128 0x49
 565 00ad 13       		.uleb128 0x13
 566 00ae 02       		.uleb128 0x2
 567 00af 0A       		.uleb128 0xa
 568 00b0 00       		.byte	0
 569 00b1 00       		.byte	0
 570 00b2 0E       		.uleb128 0xe
GAS LISTING C:\Users\bayra\AppData\Local\Temp\ccUvonCr.s 			page 11


 571 00b3 2E       		.uleb128 0x2e
 572 00b4 01       		.byte	0x1
 573 00b5 3F       		.uleb128 0x3f
 574 00b6 0C       		.uleb128 0xc
 575 00b7 03       		.uleb128 0x3
 576 00b8 0E       		.uleb128 0xe
 577 00b9 3A       		.uleb128 0x3a
 578 00ba 0B       		.uleb128 0xb
 579 00bb 3B       		.uleb128 0x3b
 580 00bc 05       		.uleb128 0x5
 581 00bd 27       		.uleb128 0x27
 582 00be 0C       		.uleb128 0xc
 583 00bf 3C       		.uleb128 0x3c
 584 00c0 0C       		.uleb128 0xc
 585 00c1 01       		.uleb128 0x1
 586 00c2 13       		.uleb128 0x13
 587 00c3 00       		.byte	0
 588 00c4 00       		.byte	0
 589 00c5 0F       		.uleb128 0xf
 590 00c6 05       		.uleb128 0x5
 591 00c7 00       		.byte	0
 592 00c8 49       		.uleb128 0x49
 593 00c9 13       		.uleb128 0x13
 594 00ca 00       		.byte	0
 595 00cb 00       		.byte	0
 596 00cc 00       		.byte	0
 597              		.section	.debug_aranges,"",@progbits
 598 0000 0000001C 		.4byte	0x1c
 599 0004 0002     		.2byte	0x2
 600 0006 00000000 		.4byte	.Ldebug_info0
 601 000a 04       		.byte	0x4
 602 000b 00       		.byte	0
 603 000c 0000     		.2byte	0
 604 000e 0000     		.2byte	0
 605 0010 00000000 		.4byte	.LFB2
 606 0014 0000000C 		.4byte	.LFE2-.LFB2
 607 0018 00000000 		.4byte	0
 608 001c 00000000 		.4byte	0
 609              		.section	.debug_ranges,"",@progbits
 610              	.Ldebug_ranges0:
 611 0000 00000000 		.4byte	.LFB2
 612 0004 00000000 		.4byte	.LFE2
 613 0008 00000000 		.4byte	0
 614 000c 00000000 		.4byte	0
 615              		.section	.debug_line,"",@progbits
 616              	.Ldebug_line0:
 617 0000 000001F7 		.section	.debug_str,"MS",@progbits,1
 617      00020000 
 617      01DF0201 
 617      FB0E0D00 
 617      01010101 
 618              	.LASF2:
 619 0000 5F5F7569 		.string	"__uint8_t"
 619      6E74385F 
 619      7400
 620              	.LASF30:
 621 000a 443A5C47 		.string	"D:\\GitKraken\\SPC5Golfv2"
GAS LISTING C:\Users\bayra\AppData\Local\Temp\ccUvonCr.s 			page 12


 621      69744B72 
 621      616B656E 
 621      5C535043 
 621      35476F6C 
 622              	.LASF3:
 623 0022 5F5F696E 		.string	"__int16_t"
 623      7431365F 
 623      7400
 624              	.LASF29:
 625 002c 2E2F636F 		.string	"./components/spc58xgxx_board_initialization_component_rla/cfg/board.c"
 625      6D706F6E 
 625      656E7473 
 625      2F737063 
 625      35387867 
 626              	.LASF18:
 627 0072 76616C75 		.string	"value"
 627      6500
 628              	.LASF16:
 629 0078 696F6D6F 		.string	"iomode_t"
 629      64655F74 
 629      00
 630              	.LASF1:
 631 0081 756E7369 		.string	"unsigned char"
 631      676E6564 
 631      20636861 
 631      7200
 632              	.LASF8:
 633 008f 6C6F6E67 		.string	"long unsigned int"
 633      20756E73 
 633      69676E65 
 633      6420696E 
 633      7400
 634              	.LASF5:
 635 00a1 73686F72 		.string	"short unsigned int"
 635      7420756E 
 635      7369676E 
 635      65642069 
 635      6E7400
 636              	.LASF20:
 637 00b4 7370635F 		.string	"spc_mscr_io_init_t"
 637      6D736372 
 637      5F696F5F 
 637      696E6974 
 637      5F7400
 638              	.LASF25:
 639 00c7 7370635F 		.string	"spc_mscr_io_init"
 639      6D736372 
 639      5F696F5F 
 639      696E6974 
 639      00
 640              	.LASF24:
 641 00d8 50414C43 		.string	"PALConfig"
 641      6F6E6669 
 641      6700
 642              	.LASF28:
 643 00e2 474E5520 		.ascii	"GNU C 4.9.4 20160726 (Sat May 27 11:09:55 CDT 2017         b"
 643      4320342E 
GAS LISTING C:\Users\bayra\AppData\Local\Temp\ccUvonCr.s 			page 13


 643      392E3420 
 643      32303136 
 643      30373236 
 644 011e 75696C64 		.ascii	"uild.sh"
 644      2E7368
 645 0125 20726576 		.string	" rev=gd8b6c20 s=F494 ELe200 -V release_gd8b6c20_build_Fed_ELe200_ML0) -mcall-sysv -mcpu=e
 645      3D676438 
 645      62366332 
 645      3020733D 
 645      46343934 
 646              	.LASF7:
 647 0226 5F5F7569 		.string	"__uint32_t"
 647      6E743332 
 647      5F7400
 648              	.LASF27:
 649 0231 70616C5F 		.string	"pal_default_config"
 649      64656661 
 649      756C745F 
 649      636F6E66 
 649      696700
 650              	.LASF11:
 651 0244 756E7369 		.string	"unsigned int"
 651      676E6564 
 651      20696E74 
 651      00
 652              	.LASF10:
 653 0251 6C6F6E67 		.string	"long long unsigned int"
 653      206C6F6E 
 653      6720756E 
 653      7369676E 
 653      65642069 
 654              	.LASF12:
 655 0268 75696E74 		.string	"uint8_t"
 655      385F7400 
 656              	.LASF31:
 657 0270 626F6172 		.string	"boardInit"
 657      64496E69 
 657      7400
 658              	.LASF13:
 659 027a 696E7431 		.string	"int16_t"
 659      365F7400 
 660              	.LASF22:
 661 0282 6D736372 		.string	"mscr_io"
 661      5F696F00 
 662              	.LASF15:
 663 028a 73697A65 		.string	"sizetype"
 663      74797065 
 663      00
 664              	.LASF21:
 665 0293 7370635F 		.string	"spc_mscr_mux_init_t"
 665      6D736372 
 665      5F6D7578 
 665      5F696E69 
 665      745F7400 
 666              	.LASF9:
 667 02a7 6C6F6E67 		.string	"long long int"
 667      206C6F6E 
GAS LISTING C:\Users\bayra\AppData\Local\Temp\ccUvonCr.s 			page 14


 667      6720696E 
 667      7400
 668              	.LASF23:
 669 02b5 6D736372 		.string	"mscr_mux"
 669      5F6D7578 
 669      00
 670              	.LASF17:
 671 02be 696E6465 		.string	"index"
 671      7800
 672              	.LASF26:
 673 02c4 7370635F 		.string	"spc_mscr_mux_init"
 673      6D736372 
 673      5F6D7578 
 673      5F696E69 
 673      7400
 674              	.LASF19:
 675 02d6 6770646F 		.string	"gpdo"
 675      00
 676              	.LASF4:
 677 02db 73686F72 		.string	"short int"
 677      7420696E 
 677      7400
 678              	.LASF14:
 679 02e5 75696E74 		.string	"uint32_t"
 679      33325F74 
 679      00
 680              	.LASF6:
 681 02ee 6C6F6E67 		.string	"long int"
 681      20696E74 
 681      00
 682              	.LASF0:
 683 02f7 7369676E 		.string	"signed char"
 683      65642063 
 683      68617200 
 684              	.LASF32:
 685 0303 70616C5F 		.string	"pal_init"
 685      696E6974 
 685      00
 686              		.ident	"GCC: (GNU) 4.9.4 20160726 (Sat May 27 11:09:55 CDT 2017         build.sh rev=gd8b6c20 s=F4
GAS LISTING C:\Users\bayra\AppData\Local\Temp\ccUvonCr.s 			page 15


DEFINED SYMBOLS
                            *ABS*:00000000 board.c
C:\Users\bayra\AppData\Local\Temp\ccUvonCr.s:10     .text.boardInit:00000000 boardInit
C:\Users\bayra\AppData\Local\Temp\ccUvonCr.s:29     .data.spc_mscr_io_init:00000000 spc_mscr_io_init
C:\Users\bayra\AppData\Local\Temp\ccUvonCr.s:105    .data.pal_default_config:00000000 pal_default_config
C:\Users\bayra\AppData\Local\Temp\ccUvonCr.s:112    .data.spc_mscr_mux_init:00000000 spc_mscr_mux_init

UNDEFINED SYMBOLS
pal_init
