GAS LISTING C:\Users\bayra\AppData\Local\Temp\ccPzVTu1.s 			page 1


   1              	# 1 "./components/spc58xgxx_platform_component_rla/lib/src/boot.s"
   1              	/****************************************************************************
   0              	
   0              	
   2              	*
   3              	* Copyright © 2016-2019 STMicroelectronics - All Rights Reserved
   4              	*
   5              	* This software is licensed under SLA0098 terms that can be found in the
   6              	* DM00779817_1_0.pdf file in the licenses directory of this software product.
   7              	* 
   8              	* THIS SOFTWARE IS DISTRIBUTED "AS IS," AND ALL WARRANTIES ARE DISCLAIMED, 
   9              	* INCLUDING MERCHANTABILITY AND FITNESS FOR A PARTICULAR PURPOSE.
  10              	*
  11              	*****************************************************************************/
  12              	
  13              	/**
  14              	 * @file    boot.s
  15              	 * @brief   SPC58xGxx boot-related code.
  16              	 *
  17              	 * @addtogroup PPC_BOOT
  18              	 * @{
  19              	 */
  20              	
  21              	#include "boot.h"
   1              	/****************************************************************************
  22              	#include "toolchain.h"
   1              	/****************************************************************************
  23              	
  24              	#if !defined(__DOXYGEN__)
  25              	
  26              	        /*
  27              	         * BAM record, only processor 2 is started but the table is entirely
  28              	         * populated.
  29              	         * TODO: Handle autostart for cores 0 and 1.
  30              	         */
  31              	        .section    .boot, "axv"
  32              	
  33 0000 00A50001 	        .long       0x00A50001
  34 0004 00000000 	        .long       _reset_address2 /* Core 2 reset address. */
  35 0008 00000000 	        .long       _reset_address0 /* Core 0 reset address. */
  36 000c 00000000 	        .long       _reset_address1 /* Core 1 reset address. */
  37              	
  38              	        /*
  39              	         * Reset entry point for core0.
  40              	         */
  41              	        .align      2
  42              	        .globl      _reset_address0
  43              	        .type       _reset_address0, @function
  44              	_VLE
  45              	_reset_address0:
  46 0010 70000000 	        e_li        %r0, 0
  47 0014 7C1E43A6 	        mtspr       286, %r0        /* PIR register.*/
  48              	
  49 0018 7800010D 	        e_bl        _regclear
  50 001c 780001B1 	        e_bl        _iram0init
  51 0020 780001D1 	        e_bl        _dram0init
  52 0024 78000281 	        e_bl        _iv0init
GAS LISTING C:\Users\bayra\AppData\Local\Temp\ccPzVTu1.s 			page 2


  53              	
  54 0028 7060E000 	        e_lis       %r3, HI(_boot_address0)
  55 002c 7060C000 	        e_or2i      %r3, LO(_boot_address0)
  56 0030 7C6903A6 	        mtctr       %r3
  57 0034 0007     	        se_bctrl
  58              	
  59              	        /*
  60              	         * Reset entry point for core1.
  61              	         */
  62 0036 4400     	        .align      2
  63              	        .globl      _reset_address1
  64              	        .type       _reset_address1, @function
  65              	_VLE
  66              	_reset_address1:
  67 0038 70000001 	        e_li        %r0, 1
  68 003c 7C1E43A6 	        mtspr       286, %r0        /* PIR register.*/
  69              	
  70 0040 780000E5 	        e_bl        _regclear
  71 0044 780001D1 	        e_bl        _iram1init
  72 0048 780001F1 	        e_bl        _dram1init
  73 004c 78000275 	        e_bl        _iv1init
  74              	
  75 0050 7060E000 	        e_lis       %r3, HI(_boot_address1)
  76 0054 7060C000 	        e_or2i      %r3, LO(_boot_address1)
  77 0058 7C6903A6 	        mtctr       %r3
  78 005c 0007     	        se_bctrl
  79              	
  80              		
  81              	        /*
  82              	         * Reset entry point for core2.
  83              	         */
  84 005e 4400     	        .align      3               /* _reset_address2 must be aligned to 64 bits */ 
  85              	        .globl      _reset_address2
  86              	        .type       _reset_address2, @function
  87              	_VLE
  88              	_reset_address2:
  89 0060 70000002 	        e_li        %r0, 2
  90 0064 7C1E43A6 	        mtspr       286, %r0        /* PIR register.*/
  91              	
  92              	#if BOOT_DISABLE_WATCHDOG
  93 0068 7800002B 			e_bl		_disablewatchdog
  94              	#endif
  95 006c 780000B9 	        e_bl        _regclear
  96              	#if !BOOT_LOAD_IN_RAM
  97 0070 78000139 	        e_bl        _sysraminit
  98              	#endif
  99 0074 780001E9 	        e_bl        _iram2init
 100 0078 78000209 	        e_bl        _dram2init
 101 007c 78000261 	        e_bl        _iv2init
 102              	
 103              	#if BOOT_RELOCATE_IN_RAM
 104              	        /*
 105              	         * Image relocation in RAM.
 106              	         */
 107              	        e_lis       %r4, HI(__ram_reloc_start__)
 108              	        e_or2i      %r4, LO(__ram_reloc_start__)
 109              	        e_lis       %r5, HI(__ram_reloc_dest__)
GAS LISTING C:\Users\bayra\AppData\Local\Temp\ccPzVTu1.s 			page 3


 110              	        e_or2i      %r5, LO(__ram_reloc_dest__)
 111              	        e_lis       %r6, HI(__ram_reloc_end__)
 112              	        e_or2i      %r6, LO(__ram_reloc_end__)
 113              	.relloop:
 114              	_NOVLE
 115              	        cmpl        cr0, %r4, %r6
 116              	_VLE
 117              	        se_bge      .relend
 118              	        se_lwz      %r7, 0(%r4)
 119              	        se_addi     %r4, 4
 120              	        se_stw      %r7, 0(%r5)
 121              	        se_addi     %r5, 4
 122              	        se_b        .relloop
 123              	.relend:
 124              	#endif
 125 0080 7060E000 	        e_lis       %r3, HI(_boot_address)
 126 0084 7060C000 	        e_or2i      %r3, LO(_boot_address)
 127 0088 7C6903A6 	        mtctr       %r3
 128 008c 0007     	        se_bctrl
 129              	        
 130              	        /*
 131              	         * Default boot addresses, are overriden by the startup code.
 132              	         */
 133 008e 4400     	        .align      2
 134              	        .weak       _boot_address0
 135              	_boot_address0:
 136              	        .weak       _boot_address1
 137              	_boot_address1:
 138              	        .weak       _boot_address
 139              	_boot_address:
 140              	.noboot:
 141 0090 E800     	        se_b        .noboot
 142              	
 143              			/*
 144              	         * Disable Software Watchdogs.
 145              	         */
 146              	_disablewatchdog:
 147              			/* Disable SWT_0 */
 148 0092 709FE405 	        e_lis       r4, 0xFC05
 149 0096 7080C000 	        e_or2i      r4, 0x0000
 150 009a 70780520 	        e_li        r3, 0xC520
 151 009e 54640010 	        e_stw       r3, 0x10(r4)
 152 00a2 707B0128 	        e_li        r3, 0xD928
 153 00a6 54640010 	        e_stw       r3, 0x10(r4)
 154 00aa 707FE700 	        e_lis       r3, 0xFF00
 155 00ae 7060C00A 	        e_or2i      r3, 0x000A
 156 00b2 54640000 	        e_stw       r3, 0(r4)
 157              	
 158              			/* Disable SWT_1 */
 159 00b6 709FE405 	        e_lis       r4, 0xFC05
 160 00ba 7088C000 	        e_or2i      r4, 0x4000
 161 00be 70780520 	        e_li        r3, 0xC520
 162 00c2 54640010 	        e_stw       r3, 0x10(r4)
 163 00c6 707B0128 	        e_li        r3, 0xD928
 164 00ca 54640010 	        e_stw       r3, 0x10(r4)
 165 00ce 707FE700 	        e_lis       r3, 0xFF00
 166 00d2 7060C00A 	        e_or2i      r3, 0x000A
GAS LISTING C:\Users\bayra\AppData\Local\Temp\ccPzVTu1.s 			page 4


 167 00d6 54640000 	        e_stw       r3, 0(r4)
 168              			
 169              			/* Disable SWT_2 */
 170 00da 709EE405 			e_lis       r4, 0xF405
 171 00de 7090C000 	        e_or2i      r4, 0x8000
 172 00e2 70780520 	        e_li        r3, 0xC520
 173 00e6 54640010 	        e_stw       r3, 0x10(r4)
 174 00ea 707B0128 	        e_li        r3, 0xD928
 175 00ee 54640010 	        e_stw       r3, 0x10(r4)
 176 00f2 707FE700 	        e_lis       r3, 0xFF00
 177 00f6 7060C00A 	        e_or2i      r3, 0x000A
 178 00fa 54640000 	        e_stw       r3, 0(r4)
 179              			
 180              			/* Disable SWT_3 */
 181 00fe 709EE405 			e_lis       r4, 0xF405
 182 0102 7098C000 	        e_or2i      r4, 0xC000
 183 0106 70780520 	        e_li        r3, 0xC520
 184 010a 54640010 	        e_stw       r3, 0x10(r4)
 185 010e 707B0128 	        e_li        r3, 0xD928
 186 0112 54640010 	        e_stw       r3, 0x10(r4)
 187 0116 707FE700 	        e_lis       r3, 0xFF00
 188 011a 7060C00A 	        e_or2i      r3, 0x000A
 189 011e 54640000 	        e_stw       r3, 0(r4)
 190              			
 191 0122 0004     	        se_blr
 192              	
 193              	        /*
 194              	         * Clears the internal registers of the calling core.
 195              	         */
 196              	_regclear:
 197 0124 7C000278 	        xor         %r0, %r0, %r0
 198 0128 7C210A78 	        xor         %r1, %r1, %r1
 199 012c 7C421278 	        xor         %r2, %r2, %r2
 200 0130 7C631A78 	        xor         %r3, %r3, %r3
 201 0134 7C842278 	        xor         %r4, %r4, %r4
 202 0138 7CA52A78 	        xor         %r5, %r5, %r5
 203 013c 7CC63278 	        xor         %r6, %r6, %r6
 204 0140 7CE73A78 	        xor         %r7, %r7, %r7
 205 0144 7D084278 	        xor         %r8, %r8, %r8
 206 0148 7D294A78 	        xor         %r9, %r9, %r9
 207 014c 7D4A5278 	        xor         %r10, %r10, %r10
 208 0150 7D6B5A78 	        xor         %r11, %r11, %r11
 209 0154 7D8C6278 	        xor         %r12, %r12, %r12
 210 0158 7DAD6A78 	        xor         %r13, %r13, %r13
 211 015c 7DCE7278 	        xor         %r14, %r14, %r14
 212 0160 7DEF7A78 	        xor         %r15, %r15, %r15
 213 0164 7E108278 	        xor         %r16, %r16, %r16
 214 0168 7E318A78 	        xor         %r17, %r17, %r17
 215 016c 7E529278 	        xor         %r18, %r18, %r18
 216 0170 7E739A78 	        xor         %r19, %r19, %r19
 217 0174 7E94A278 	        xor         %r20, %r20, %r20
 218 0178 7EB5AA78 	        xor         %r21, %r21, %r21
 219 017c 7ED6B278 	        xor         %r22, %r22, %r22
 220 0180 7EF7BA78 	        xor         %r23, %r23, %r23
 221 0184 7F18C278 	        xor         %r24, %r24, %r24
 222 0188 7F39CA78 	        xor         %r25, %r25, %r25
 223 018c 7F5AD278 	        xor         %r26, %r26, %r26
GAS LISTING C:\Users\bayra\AppData\Local\Temp\ccPzVTu1.s 			page 5


 224 0190 7F7BDA78 	        xor         %r27, %r27, %r27
 225 0194 7F9CE278 	        xor         %r28, %r28, %r28
 226 0198 7FBDEA78 	        xor         %r29, %r29, %r29
 227 019c 7FDEF278 	        xor         %r30, %r30, %r30
 228 01a0 7FFFFA78 	        xor         %r31, %r31, %r31
 229              	
 230 01a4 0004     	        se_blr
 231              	
 232              	        /*
 233              	         * System RAM clearing.
 234              	         */
 235 01a6 4400     	        .align      2
 236              	_sysraminit:
 237              	        /* Shared RAM.*/
 238 01a8 7080E000 	        e_lis       %r4, HI(__ram_start__)
 239 01ac 7080C000 	        e_or2i      %r4, LO(__ram_start__)
 240 01b0 70A0E000 	        e_lis       %r5, HI(__ram_end__)
 241 01b4 70A0C000 	        e_or2i      %r5, LO(__ram_end__)
 242              	.sramclrloop:
 243              	_NOVLE
 244 01b8 7C042840 	        cmpl        cr0, %r4, %r5
 245              	_VLE
 246 01bc E006     	        se_bge      .sramclrend
 247 01be 1A040900 	        e_stmw      %r16, 0(%r4)
 248 01c2 18848040 	        e_addi      %r4, %r4, 64
 249 01c6 E8F9     	        se_b        .sramclrloop
 250              	.sramclrend:
 251 01c8 0004     	        se_blr
 252              	
 253              	        /*
 254              	         * Core 0 IRAM clearing.
 255              	         */
 256 01ca 4400     	        .align      2
 257              	_iram0init:
 258 01cc 7080E000 	        e_lis       %r4, HI(__iram0_start__)
 259 01d0 7080C000 	        e_or2i      %r4, LO(__iram0_start__)
 260 01d4 70A0E000 	        e_lis       %r5, HI(__iram0_end__)
 261 01d8 70A0C000 	        e_or2i      %r5, LO(__iram0_end__)
 262              	.iram0clrloop:
 263              	_NOVLE
 264 01dc 7C042840 	        cmpl        cr0, %r4, %r5
 265              	_VLE
 266 01e0 E006     	        se_bge      .iram0clrend
 267 01e2 1A040900 	        e_stmw      %r16, 0(%r4)
 268 01e6 18848040 	        e_addi      %r4, %r4, 64
 269 01ea E8F9     	        se_b        .iram0clrloop
 270              	.iram0clrend:
 271              	
 272 01ec 0004     	        se_blr
 273              	
 274              	        /*
 275              	         * Core 0 DRAM clearing.
 276              	         */
 277 01ee 4400     	        .align      2
 278              	_dram0init:
 279 01f0 7080E000 	        e_lis       %r4, HI(__dram0_start__)
 280 01f4 7080C000 	        e_or2i      %r4, LO(__dram0_start__)
GAS LISTING C:\Users\bayra\AppData\Local\Temp\ccPzVTu1.s 			page 6


 281 01f8 70A0E000 	        e_lis       %r5, HI(__dram0_end__)
 282 01fc 70A0C000 	        e_or2i      %r5, LO(__dram0_end__)
 283              	.dram0clrloop:
 284              	_NOVLE
 285 0200 7C042840 	        cmpl        cr0, %r4, %r5
 286              	_VLE
 287 0204 E006     	        se_bge      .dram0clrend
 288 0206 1A040900 	        e_stmw      %r16, 0(%r4)
 289 020a 18848040 	        e_addi      %r4, %r4, 64
 290 020e E8F9     	        se_b        .dram0clrloop
 291              	.dram0clrend:
 292              	
 293 0210 0004     	        se_blr
 294              	
 295              	        /*
 296              	         * Core 1 IRAM clearing.
 297              	         */
 298 0212 4400     	        .align      2
 299              	_iram1init:
 300 0214 7080E000 	        e_lis       %r4, HI(__iram1_start__)
 301 0218 7080C000 	        e_or2i      %r4, LO(__iram1_start__)
 302 021c 70A0E000 	        e_lis       %r5, HI(__iram1_end__)
 303 0220 70A0C000 	        e_or2i      %r5, LO(__iram1_end__)
 304              	.iram1clrloop:
 305              	_NOVLE
 306 0224 7C042840 	        cmpl        cr0, %r4, %r5
 307              	_VLE
 308 0228 E006     	        se_bge      .iram1clrend
 309 022a 1A040900 	        e_stmw      %r16, 0(%r4)
 310 022e 18848040 	        e_addi      %r4, %r4, 64
 311 0232 E8F9     	        se_b        .iram1clrloop
 312              	.iram1clrend:
 313              	
 314 0234 0004     	        se_blr
 315              	
 316              	        /*
 317              	         * Core 1 DRAM clearing.
 318              	         */
 319 0236 4400     	        .align      2
 320              	_dram1init:
 321 0238 7080E000 	        e_lis       %r4, HI(__dram1_start__)
 322 023c 7080C000 	        e_or2i      %r4, LO(__dram1_start__)
 323 0240 70A0E000 	        e_lis       %r5, HI(__dram1_end__)
 324 0244 70A0C000 	        e_or2i      %r5, LO(__dram1_end__)
 325              	.dram1clrloop:
 326              	_NOVLE
 327 0248 7C042840 	        cmpl        cr0, %r4, %r5
 328              	_VLE
 329 024c E006     	        se_bge      .dram1clrend
 330 024e 1A040900 	        e_stmw      %r16, 0(%r4)
 331 0252 18848040 	        e_addi      %r4, %r4, 64
 332 0256 E8F9     	        se_b        .dram1clrloop
 333              	.dram1clrend:
 334              	
 335 0258 0004     	        se_blr
 336              	
 337              	        /*
GAS LISTING C:\Users\bayra\AppData\Local\Temp\ccPzVTu1.s 			page 7


 338              	         * Core 2 IRAM clearing.
 339              	         */
 340 025a 4400     	        .align      2
 341              	_iram2init:
 342 025c 7080E000 	        e_lis       %r4, HI(__iram2_start__)
 343 0260 7080C000 	        e_or2i      %r4, LO(__iram2_start__)
 344 0264 70A0E000 	        e_lis       %r5, HI(__iram2_end__)
 345 0268 70A0C000 	        e_or2i      %r5, LO(__iram2_end__)
 346              	.iram2clrloop:
 347              	_NOVLE
 348 026c 7C042840 	        cmpl        cr0, %r4, %r5
 349              	_VLE
 350 0270 E006     	        se_bge      .iram2clrend
 351 0272 1A040900 	        e_stmw      %r16, 0(%r4)
 352 0276 18848040 	        e_addi      %r4, %r4, 64
 353 027a E8F9     	        se_b        .iram2clrloop
 354              	.iram2clrend:
 355              	
 356 027c 0004     	        se_blr
 357              	
 358              	        /*
 359              	         * Core 2 DRAM clearing.
 360              	         */
 361 027e 4400     	        .align      2
 362              	_dram2init:
 363 0280 7080E000 	        e_lis       %r4, HI(__dram2_start__)
 364 0284 7080C000 	        e_or2i      %r4, LO(__dram2_start__)
 365 0288 70A0E000 	        e_lis       %r5, HI(__dram2_end__)
 366 028c 70A0C000 	        e_or2i      %r5, LO(__dram2_end__)
 367              	.dram2clrloop:
 368              	_NOVLE
 369 0290 7C042840 	        cmpl        cr0, %r4, %r5
 370              	_VLE
 371 0294 E006     	        se_bge      .dram2clrend
 372 0296 1A040900 	        e_stmw      %r16, 0(%r4)
 373 029a 18848040 	        e_addi      %r4, %r4, 64
 374 029e E8F9     	        se_b        .dram2clrloop
 375              	.dram2clrend:
 376              	
 377 02a0 0004     	        se_blr
 378              	
 379              	        /*
 380              	         * Core 0 exception vectors initialization.
 381              	         */
 382 02a2 4400     	        .align      2
 383              	_iv0init:
 384              	        /* IVPR initialization.*/
 385 02a4 7060E000 	        e_lis       %r3, HI(__ivpr0_base__)
 386 02a8 7060C000 	        e_or2i      %r3, LO(__ivpr0_base__)
 387 02ac 7C7F0BA6 	        mtIVPR      %r3
 388              	
 389              	        /* MSR initialization.*/
 390 02b0 7060E206 	        e_lis       %r3, HI(MSR_DEFAULT)
 391 02b4 7062C000 	        e_or2i      %r3, LO(MSR_DEFAULT)
 392 02b8 7C600124 	        mtMSR       %r3
 393              	
 394 02bc 0004     	        se_blr
GAS LISTING C:\Users\bayra\AppData\Local\Temp\ccPzVTu1.s 			page 8


 395              	
 396              	        /*
 397              	         * Core 1 exception vectors initialization.
 398              	         */
 399 02be 4400     	        .align      2
 400              	_iv1init:
 401              	        /* IVPR initialization.*/
 402 02c0 7060E000 	        e_lis       %r3, HI(__ivpr1_base__)
 403 02c4 7060C000 	        e_or2i      %r3, LO(__ivpr1_base__)
 404 02c8 7C7F0BA6 	        mtIVPR      %r3
 405              	
 406              	        /* MSR initialization.*/
 407 02cc 7060E206 	        e_lis       %r3, HI(MSR_DEFAULT)
 408 02d0 7062C000 	        e_or2i      %r3, LO(MSR_DEFAULT)
 409 02d4 7C600124 	        mtMSR       %r3
 410              	
 411 02d8 0004     	        se_blr
 412              	
 413              	        /*
 414              	         * Core 2 exception vectors initialization.
 415              	         */
 416 02da 4400     	        .align      2
 417              	_iv2init:
 418              	        /* IVPR initialization.*/
 419 02dc 7060E000 	        e_lis       %r3, HI(__ivpr2_base__)
 420 02e0 7060C000 	        e_or2i      %r3, LO(__ivpr2_base__)
 421 02e4 7C7F0BA6 	        mtIVPR      %r3
 422              	
 423              	        /* MSR initialization.*/
 424 02e8 7060E206 	        e_lis       %r3, HI(MSR_DEFAULT)
 425 02ec 7062C000 	        e_or2i      %r3, LO(MSR_DEFAULT)
 426 02f0 7C600124 	        mtMSR       %r3
 427              	
 428 02f4 0004     	        se_blr
 429              	
 430              	        /*
 431              	         * Core 0 exceptions vectors.
 432              	         */
 433              	        .section    .core0_ivors, "axv"
 434              	        .globl      C0_IVORS
 435              	C0_IVORS:
 436 0000 78000000 	        e_b         _C0_IVOR0
 437 0004 44004400 	        .align      4
 437      44004400 
 437      44004400 
 438 0010 78000000 	        e_b         _C0_IVOR1
 439 0014 44004400 	        .align      4
 439      44004400 
 439      44004400 
 440 0020 78000000 	        e_b        _C0_IVOR2
 441 0024 44004400 	        .align      4
 441      44004400 
 441      44004400 
 442 0030 78000000 	        e_b        _C0_IVOR3
 443 0034 44004400 	        .align      4
 443      44004400 
 443      44004400 
GAS LISTING C:\Users\bayra\AppData\Local\Temp\ccPzVTu1.s 			page 9


 444 0040 78000000 	        e_b        _C0_IVOR4
 445 0044 44004400 	        .align      4
 445      44004400 
 445      44004400 
 446 0050 78000000 	        e_b        _C0_IVOR5
 447 0054 44004400 	        .align      4
 447      44004400 
 447      44004400 
 448 0060 78000000 	        e_b        _C0_IVOR6
 449 0064 44004400 	        .align      4
 449      44004400 
 449      44004400 
 450 0070 78000000 	        e_b        _C0_IVOR7
 451 0074 44004400 	        .align      4
 451      44004400 
 451      44004400 
 452 0080 78000000 	        e_b        _C0_IVOR8
 453 0084 44004400 	        .align      4
 453      44004400 
 453      44004400 
 454 0090 78000000 	        e_b        _C0_IVOR9
 455 0094 44004400 	        .align      4
 455      44004400 
 455      44004400 
 456 00a0 78000000 	        e_b         _C0_IVOR10
 457 00a4 44004400 	        .align      4
 457      44004400 
 457      44004400 
 458 00b0 78000000 	        e_b         _C0_IVOR11
 459 00b4 44004400 	        .align      4
 459      44004400 
 459      44004400 
 460 00c0 78000000 	        e_b         _C0_IVOR12
 461 00c4 44004400 	        .align      4
 461      44004400 
 461      44004400 
 462 00d0 78000000 	        e_b         _C0_IVOR13
 463 00d4 44004400 	        .align      4
 463      44004400 
 463      44004400 
 464 00e0 78000000 	        e_b         _C0_IVOR14
 465 00e4 44004400 	        .align      4
 465      44004400 
 465      44004400 
 466 00f0 78000000 	        e_b         _C0_IVOR15
 467              	
 468              	        /*
 469              	         * Core 1 exceptions vectors.
 470              	         */
 471              	        .section    .core1_ivors, "axv"
 472              	        .globl      C1_IVORS
 473              	C1_IVORS:
 474 0000 78000000 	        e_b         _C1_IVOR0
 475 0004 44004400 	        .align      4
 475      44004400 
 475      44004400 
 476 0010 78000000 	        e_b         _C1_IVOR1
GAS LISTING C:\Users\bayra\AppData\Local\Temp\ccPzVTu1.s 			page 10


 477 0014 44004400 	        .align      4
 477      44004400 
 477      44004400 
 478 0020 78000000 	        e_b        _C1_IVOR2
 479 0024 44004400 	        .align      4
 479      44004400 
 479      44004400 
 480 0030 78000000 	        e_b        _C1_IVOR3
 481 0034 44004400 	        .align      4
 481      44004400 
 481      44004400 
 482 0040 78000000 	        e_b        _C1_IVOR4
 483 0044 44004400 	        .align      4
 483      44004400 
 483      44004400 
 484 0050 78000000 	        e_b        _C1_IVOR5
 485 0054 44004400 	        .align      4
 485      44004400 
 485      44004400 
 486 0060 78000000 	        e_b        _C1_IVOR6
 487 0064 44004400 	        .align      4
 487      44004400 
 487      44004400 
 488 0070 78000000 	        e_b        _C1_IVOR7
 489 0074 44004400 	        .align      4
 489      44004400 
 489      44004400 
 490 0080 78000000 	        e_b        _C1_IVOR8
 491 0084 44004400 	        .align      4
 491      44004400 
 491      44004400 
 492 0090 78000000 	        e_b        _C1_IVOR9
 493 0094 44004400 	        .align      4
 493      44004400 
 493      44004400 
 494 00a0 78000000 	        e_b         _C1_IVOR10
 495 00a4 44004400 	        .align      4
 495      44004400 
 495      44004400 
 496 00b0 78000000 	        e_b         _C1_IVOR11
 497 00b4 44004400 	        .align      4
 497      44004400 
 497      44004400 
 498 00c0 78000000 	        e_b         _C1_IVOR12
 499 00c4 44004400 	        .align      4
 499      44004400 
 499      44004400 
 500 00d0 78000000 	        e_b         _C1_IVOR13
 501 00d4 44004400 	        .align      4
 501      44004400 
 501      44004400 
 502 00e0 78000000 	        e_b         _C1_IVOR14
 503 00e4 44004400 	        .align      4
 503      44004400 
 503      44004400 
 504 00f0 78000000 	        e_b         _C1_IVOR15
 505              	
GAS LISTING C:\Users\bayra\AppData\Local\Temp\ccPzVTu1.s 			page 11


 506              	        /*
 507              	         * Core 2 exceptions vectors.
 508              	         * Note: Names are not prefixed with C2_ in order to maintain name
 509              	         *       compatibility with single code devices.
 510              	         */
 511              	        .section    .core2_ivors, "axv"
 512              	        .globl      IVORS
 513              	IVORS:
 514 0000 78000000 	        e_b         _IVOR0
 515 0004 44004400 	        .align      4
 515      44004400 
 515      44004400 
 516 0010 78000000 	        e_b         _IVOR1
 517 0014 44004400 	        .align      4
 517      44004400 
 517      44004400 
 518 0020 78000000 	        e_b         _IVOR2
 519 0024 44004400 	        .align      4
 519      44004400 
 519      44004400 
 520 0030 78000000 	        e_b         _IVOR3
 521 0034 44004400 	        .align      4
 521      44004400 
 521      44004400 
 522 0040 78000000 	        e_b         _IVOR4
 523 0044 44004400 	        .align      4
 523      44004400 
 523      44004400 
 524 0050 78000000 	        e_b         _IVOR5
 525 0054 44004400 	        .align      4
 525      44004400 
 525      44004400 
 526 0060 78000000 	        e_b         _IVOR6
 527 0064 44004400 	        .align      4
 527      44004400 
 527      44004400 
 528 0070 78000000 	        e_b         _IVOR7
 529 0074 44004400 	        .align      4
 529      44004400 
 529      44004400 
 530 0080 78000000 	        e_b         _IVOR8
 531 0084 44004400 	        .align      4
 531      44004400 
 531      44004400 
 532 0090 78000000 	        e_b         _IVOR9
 533 0094 44004400 	        .align      4
 533      44004400 
 533      44004400 
 534 00a0 78000000 	        e_b         _IVOR10
 535 00a4 44004400 	        .align      4
 535      44004400 
 535      44004400 
 536 00b0 78000000 	        e_b         _IVOR11
 537 00b4 44004400 	        .align      4
 537      44004400 
 537      44004400 
 538 00c0 78000000 	        e_b         _IVOR12
GAS LISTING C:\Users\bayra\AppData\Local\Temp\ccPzVTu1.s 			page 12


 539 00c4 44004400 	        .align      4
 539      44004400 
 539      44004400 
 540 00d0 78000000 	        e_b         _IVOR13
 541 00d4 44004400 	        .align      4
 541      44004400 
 541      44004400 
 542 00e0 78000000 	        e_b         _IVOR14
 543 00e4 44004400 	        .align      4
 543      44004400 
 543      44004400 
 544 00f0 78000000 	        e_b         _IVOR15
 545              	
 546              	        .section    .handlers, "axv"
 547              	
 548              	        /*
 549              	         * Unhandled exceptions handler for core 0.
 550              	         */
 551              	        .align      2
 552              	        .weak       _C0_IVOR0,  _C0_IVOR1,  _C0_IVOR2,  _C0_IVOR3,
 553              	        .weak       _C0_IVOR4,  _C0_IVOR5,  _C0_IVOR6,  _C0_IVOR7,
 554              	        .weak       _C0_IVOR8,  _C0_IVOR9,  _C0_IVOR10, _C0_IVOR11
 555              	        .weak       _C0_IVOR12, _C0_IVOR13, _C0_IVOR14, _C0_IVOR15
 556              	        .weak       _unhandled_exception0
 557              	        .type       _unhandled_exception0, @function
 558              	_C0_IVOR0:
 559              	_C0_IVOR1:
 560              	_C0_IVOR2:
 561              	_C0_IVOR3:
 562              	_C0_IVOR5:
 563              	_C0_IVOR6:
 564              	_C0_IVOR7:
 565              	_C0_IVOR8:
 566              	_C0_IVOR9:
 567              	_C0_IVOR11:
 568              	_C0_IVOR12:
 569              	_C0_IVOR13:
 570              	_C0_IVOR14:
 571              	_C0_IVOR15:
 572              	_unhandled_exception0:
 573              	.unhandled_exception0:
 574 0000 E800     	        se_b        .unhandled_exception0
 575              	
 576              	        /*
 577              	         * Unhandled exceptions handler for core 1.
 578              	         */
 579 0002 4400     	        .align      2
 580              	        .weak       _C1_IVOR0,  _C1_IVOR1,  _C1_IVOR2,  _C1_IVOR3,
 581              	        .weak       _C1_IVOR4,  _C1_IVOR5,  _C1_IVOR6,  _C1_IVOR7,
 582              	        .weak       _C1_IVOR8,  _C1_IVOR9,  _C1_IVOR10, _C1_IVOR11
 583              	        .weak       _C1_IVOR12, _C1_IVOR13, _C1_IVOR14, _C1_IVOR15
 584              	        .weak       _unhandled_exception1
 585              	        .type       _unhandled_exception1, @function
 586              	_C1_IVOR0:
 587              	_C1_IVOR1:
 588              	_C1_IVOR2:
 589              	_C1_IVOR3:
GAS LISTING C:\Users\bayra\AppData\Local\Temp\ccPzVTu1.s 			page 13


 590              	_C1_IVOR5:
 591              	_C1_IVOR6:
 592              	_C1_IVOR7:
 593              	_C1_IVOR8:
 594              	_C1_IVOR9:
 595              	_C1_IVOR11:
 596              	_C1_IVOR12:
 597              	_C1_IVOR13:
 598              	_C1_IVOR14:
 599              	_C1_IVOR15:
 600              	_unhandled_exception1:
 601              	.unhandled_exception1:
 602 0004 E800     	        se_b        .unhandled_exception1
 603              	
 604              	        /*
 605              	         * Unhandled exceptions handler for core 2.
 606              	         * Note: Names are not prefixed with C2_ in order to maintain name
 607              	         *       compatibility with single code devices.
 608              	         */
 609 0006 4400     	        .align      2
 610              	        .weak       _IVOR0,  _IVOR1,  _IVOR2,  _IVOR3,
 611              	        .weak       _IVOR4,  _IVOR5,  _IVOR6,  _IVOR7,
 612              	        .weak       _IVOR8,  _IVOR9,  _IVOR10, _IVOR11
 613              	        .weak       _IVOR12, _IVOR13, _IVOR14, _IVOR15
 614              	        .weak       _unhandled_exception2
 615              	        .type       _unhandled_exception2, @function
 616              	_IVOR0:
 617              	_IVOR1:
 618              	_IVOR2:
 619              	_IVOR3:
 620              	_IVOR5:
 621              	_IVOR6:
 622              	_IVOR7:
 623              	_IVOR8:
 624              	_IVOR9:
 625              	_IVOR11:
 626              	_IVOR12:
 627              	_IVOR13:
 628              	_IVOR14:
 629              	_IVOR15:
 630              	_unhandled_exception2:
 631              	.unhandled_exception2:
 632 0008 E800     	        se_b        .unhandled_exception2
GAS LISTING C:\Users\bayra\AppData\Local\Temp\ccPzVTu1.s 			page 14


DEFINED SYMBOLS
./components/spc58xgxx_platform_component_rla/lib/src/boot.s:88     .boot:00000060 _reset_address2
./components/spc58xgxx_platform_component_rla/lib/src/boot.s:45     .boot:00000010 _reset_address0
./components/spc58xgxx_platform_component_rla/lib/src/boot.s:66     .boot:00000038 _reset_address1
./components/spc58xgxx_platform_component_rla/lib/src/boot.s:196    .boot:00000124 _regclear
./components/spc58xgxx_platform_component_rla/lib/src/boot.s:257    .boot:000001cc _iram0init
./components/spc58xgxx_platform_component_rla/lib/src/boot.s:278    .boot:000001f0 _dram0init
./components/spc58xgxx_platform_component_rla/lib/src/boot.s:383    .boot:000002a4 _iv0init
./components/spc58xgxx_platform_component_rla/lib/src/boot.s:135    .boot:00000090 _boot_address0
./components/spc58xgxx_platform_component_rla/lib/src/boot.s:299    .boot:00000214 _iram1init
./components/spc58xgxx_platform_component_rla/lib/src/boot.s:320    .boot:00000238 _dram1init
./components/spc58xgxx_platform_component_rla/lib/src/boot.s:400    .boot:000002c0 _iv1init
./components/spc58xgxx_platform_component_rla/lib/src/boot.s:137    .boot:00000090 _boot_address1
./components/spc58xgxx_platform_component_rla/lib/src/boot.s:146    .boot:00000092 _disablewatchdog
./components/spc58xgxx_platform_component_rla/lib/src/boot.s:236    .boot:000001a8 _sysraminit
./components/spc58xgxx_platform_component_rla/lib/src/boot.s:341    .boot:0000025c _iram2init
./components/spc58xgxx_platform_component_rla/lib/src/boot.s:362    .boot:00000280 _dram2init
./components/spc58xgxx_platform_component_rla/lib/src/boot.s:417    .boot:000002dc _iv2init
./components/spc58xgxx_platform_component_rla/lib/src/boot.s:139    .boot:00000090 _boot_address
./components/spc58xgxx_platform_component_rla/lib/src/boot.s:140    .boot:00000090 .noboot
./components/spc58xgxx_platform_component_rla/lib/src/boot.s:242    .boot:000001b8 .sramclrloop
./components/spc58xgxx_platform_component_rla/lib/src/boot.s:250    .boot:000001c8 .sramclrend
./components/spc58xgxx_platform_component_rla/lib/src/boot.s:262    .boot:000001dc .iram0clrloop
./components/spc58xgxx_platform_component_rla/lib/src/boot.s:270    .boot:000001ec .iram0clrend
./components/spc58xgxx_platform_component_rla/lib/src/boot.s:283    .boot:00000200 .dram0clrloop
./components/spc58xgxx_platform_component_rla/lib/src/boot.s:291    .boot:00000210 .dram0clrend
./components/spc58xgxx_platform_component_rla/lib/src/boot.s:304    .boot:00000224 .iram1clrloop
./components/spc58xgxx_platform_component_rla/lib/src/boot.s:312    .boot:00000234 .iram1clrend
./components/spc58xgxx_platform_component_rla/lib/src/boot.s:325    .boot:00000248 .dram1clrloop
./components/spc58xgxx_platform_component_rla/lib/src/boot.s:333    .boot:00000258 .dram1clrend
./components/spc58xgxx_platform_component_rla/lib/src/boot.s:346    .boot:0000026c .iram2clrloop
./components/spc58xgxx_platform_component_rla/lib/src/boot.s:354    .boot:0000027c .iram2clrend
./components/spc58xgxx_platform_component_rla/lib/src/boot.s:367    .boot:00000290 .dram2clrloop
./components/spc58xgxx_platform_component_rla/lib/src/boot.s:375    .boot:000002a0 .dram2clrend
./components/spc58xgxx_platform_component_rla/lib/src/boot.s:435    .core0_ivors:00000000 C0_IVORS
./components/spc58xgxx_platform_component_rla/lib/src/boot.s:558    .handlers:00000000 _C0_IVOR0
./components/spc58xgxx_platform_component_rla/lib/src/boot.s:559    .handlers:00000000 _C0_IVOR1
./components/spc58xgxx_platform_component_rla/lib/src/boot.s:560    .handlers:00000000 _C0_IVOR2
./components/spc58xgxx_platform_component_rla/lib/src/boot.s:561    .handlers:00000000 _C0_IVOR3
./components/spc58xgxx_platform_component_rla/lib/src/boot.s:562    .handlers:00000000 _C0_IVOR5
./components/spc58xgxx_platform_component_rla/lib/src/boot.s:563    .handlers:00000000 _C0_IVOR6
./components/spc58xgxx_platform_component_rla/lib/src/boot.s:564    .handlers:00000000 _C0_IVOR7
./components/spc58xgxx_platform_component_rla/lib/src/boot.s:565    .handlers:00000000 _C0_IVOR8
./components/spc58xgxx_platform_component_rla/lib/src/boot.s:566    .handlers:00000000 _C0_IVOR9
./components/spc58xgxx_platform_component_rla/lib/src/boot.s:567    .handlers:00000000 _C0_IVOR11
./components/spc58xgxx_platform_component_rla/lib/src/boot.s:568    .handlers:00000000 _C0_IVOR12
./components/spc58xgxx_platform_component_rla/lib/src/boot.s:569    .handlers:00000000 _C0_IVOR13
./components/spc58xgxx_platform_component_rla/lib/src/boot.s:570    .handlers:00000000 _C0_IVOR14
./components/spc58xgxx_platform_component_rla/lib/src/boot.s:571    .handlers:00000000 _C0_IVOR15
./components/spc58xgxx_platform_component_rla/lib/src/boot.s:473    .core1_ivors:00000000 C1_IVORS
./components/spc58xgxx_platform_component_rla/lib/src/boot.s:586    .handlers:00000004 _C1_IVOR0
./components/spc58xgxx_platform_component_rla/lib/src/boot.s:587    .handlers:00000004 _C1_IVOR1
./components/spc58xgxx_platform_component_rla/lib/src/boot.s:588    .handlers:00000004 _C1_IVOR2
./components/spc58xgxx_platform_component_rla/lib/src/boot.s:589    .handlers:00000004 _C1_IVOR3
./components/spc58xgxx_platform_component_rla/lib/src/boot.s:590    .handlers:00000004 _C1_IVOR5
./components/spc58xgxx_platform_component_rla/lib/src/boot.s:591    .handlers:00000004 _C1_IVOR6
./components/spc58xgxx_platform_component_rla/lib/src/boot.s:592    .handlers:00000004 _C1_IVOR7
GAS LISTING C:\Users\bayra\AppData\Local\Temp\ccPzVTu1.s 			page 15


./components/spc58xgxx_platform_component_rla/lib/src/boot.s:593    .handlers:00000004 _C1_IVOR8
./components/spc58xgxx_platform_component_rla/lib/src/boot.s:594    .handlers:00000004 _C1_IVOR9
./components/spc58xgxx_platform_component_rla/lib/src/boot.s:595    .handlers:00000004 _C1_IVOR11
./components/spc58xgxx_platform_component_rla/lib/src/boot.s:596    .handlers:00000004 _C1_IVOR12
./components/spc58xgxx_platform_component_rla/lib/src/boot.s:597    .handlers:00000004 _C1_IVOR13
./components/spc58xgxx_platform_component_rla/lib/src/boot.s:598    .handlers:00000004 _C1_IVOR14
./components/spc58xgxx_platform_component_rla/lib/src/boot.s:599    .handlers:00000004 _C1_IVOR15
./components/spc58xgxx_platform_component_rla/lib/src/boot.s:513    .core2_ivors:00000000 IVORS
./components/spc58xgxx_platform_component_rla/lib/src/boot.s:616    .handlers:00000008 _IVOR0
./components/spc58xgxx_platform_component_rla/lib/src/boot.s:617    .handlers:00000008 _IVOR1
./components/spc58xgxx_platform_component_rla/lib/src/boot.s:618    .handlers:00000008 _IVOR2
./components/spc58xgxx_platform_component_rla/lib/src/boot.s:619    .handlers:00000008 _IVOR3
./components/spc58xgxx_platform_component_rla/lib/src/boot.s:620    .handlers:00000008 _IVOR5
./components/spc58xgxx_platform_component_rla/lib/src/boot.s:621    .handlers:00000008 _IVOR6
./components/spc58xgxx_platform_component_rla/lib/src/boot.s:622    .handlers:00000008 _IVOR7
./components/spc58xgxx_platform_component_rla/lib/src/boot.s:623    .handlers:00000008 _IVOR8
./components/spc58xgxx_platform_component_rla/lib/src/boot.s:624    .handlers:00000008 _IVOR9
./components/spc58xgxx_platform_component_rla/lib/src/boot.s:625    .handlers:00000008 _IVOR11
./components/spc58xgxx_platform_component_rla/lib/src/boot.s:626    .handlers:00000008 _IVOR12
./components/spc58xgxx_platform_component_rla/lib/src/boot.s:627    .handlers:00000008 _IVOR13
./components/spc58xgxx_platform_component_rla/lib/src/boot.s:628    .handlers:00000008 _IVOR14
./components/spc58xgxx_platform_component_rla/lib/src/boot.s:629    .handlers:00000008 _IVOR15
./components/spc58xgxx_platform_component_rla/lib/src/boot.s:572    .handlers:00000000 _unhandled_exception0
./components/spc58xgxx_platform_component_rla/lib/src/boot.s:573    .handlers:00000000 .unhandled_exception0
./components/spc58xgxx_platform_component_rla/lib/src/boot.s:600    .handlers:00000004 _unhandled_exception1
./components/spc58xgxx_platform_component_rla/lib/src/boot.s:601    .handlers:00000004 .unhandled_exception1
./components/spc58xgxx_platform_component_rla/lib/src/boot.s:630    .handlers:00000008 _unhandled_exception2
./components/spc58xgxx_platform_component_rla/lib/src/boot.s:631    .handlers:00000008 .unhandled_exception2

UNDEFINED SYMBOLS
__ram_start__
__ram_end__
__iram0_start__
__iram0_end__
__dram0_start__
__dram0_end__
__iram1_start__
__iram1_end__
__dram1_start__
__dram1_end__
__iram2_start__
__iram2_end__
__dram2_start__
__dram2_end__
__ivpr0_base__
__ivpr1_base__
__ivpr2_base__
_C0_IVOR4
_C0_IVOR10
_C1_IVOR4
_C1_IVOR10
_IVOR4
_IVOR10
